<?xml version="1.0" encoding="UTF-8" ?>
<testsuite failures="0" time="0.093" errors="1" skipped="0" tests="1" name="com.cmpprog.sudoku3.BacktrackingSudokuSolverTest">
  <properties>
[...]
</properties>
  <testcase time="0.093" classname="com.cmpprog.sudoku3.BacktrackingSudokuSolverTest" name="testSolve">
    <error type="java.lang.NullPointerException">java.lang.NullPointerException
	at com.cmpprog.sudoku3.SudokuField.compareTo(SudokuField.java:90)
	at com.cmpprog.sudoku3.SudokuField.compareTo(SudokuField.java:10)
	at java.util.TreeMap.compare(TreeMap.java:1188)
	at java.util.TreeMap.put(TreeMap.java:531)
	at java.util.TreeSet.add(TreeSet.java:255)
	at java.util.AbstractCollection.addAll(AbstractCollection.java:342)
	at java.util.TreeSet.addAll(TreeSet.java:312)
	at java.util.TreeSet.&lt;init&gt;(TreeSet.java:160)
	at com.cmpprog.sudoku3.BacktrackingSudokuSolverTest.testSolve(BacktrackingSudokuSolverTest.java:37)
	at sun.reflect.NativeMethodAccessorImpl.invoke0(Native Method)
	at sun.reflect.NativeMethodAccessorImpl.invoke(NativeMethodAccessorImpl.java:57)
	at sun.reflect.DelegatingMethodAccessorImpl.invoke(DelegatingMethodAccessorImpl.java:43)
	at java.lang.reflect.Method.invoke(Method.java:606)
	at org.junit.runners.model.FrameworkMethod$1.runReflectiveCall(FrameworkMethod.java:47)
	at org.junit.internal.runners.model.ReflectiveCallable.run(ReflectiveCallable.java:12)
	at org.junit.runners.model.FrameworkMethod.invokeExplosively(FrameworkMethod.java:44)
	at org.junit.internal.runners.statements.InvokeMethod.evaluate(InvokeMethod.java:17)
	at org.junit.runners.ParentRunner.runLeaf(ParentRunner.java:271)
	at org.junit.runners.BlockJUnit4ClassRunner.runChild(BlockJUnit4ClassRunner.java:70)
	at org.junit.runners.BlockJUnit4ClassRunner.runChild(BlockJUnit4ClassRunner.java:50)
	at org.junit.runners.ParentRunner$3.run(ParentRunner.java:238)
	at org.junit.runners.ParentRunner$1.schedule(ParentRunner.java:63)
	at org.junit.runners.ParentRunner.runChildren(ParentRunner.java:236)
	at org.junit.runners.ParentRunner.access$000(ParentRunner.java:53)
	at org.junit.runners.ParentRunner$2.evaluate(ParentRunner.java:229)
	at org.junit.runners.ParentRunner.run(ParentRunner.java:309)
	at org.apache.maven.surefire.junit4.JUnit4Provider.execute(JUnit4Provider.java:252)
	at org.apache.maven.surefire.junit4.JUnit4Provider.executeTestSet(JUnit4Provider.java:141)
	at org.apache.maven.surefire.junit4.JUnit4Provider.invoke(JUnit4Provider.java:112)
	at sun.reflect.NativeMethodAccessorImpl.invoke0(Native Method)
	at sun.reflect.NativeMethodAccessorImpl.invoke(NativeMethodAccessorImpl.java:57)
	at sun.reflect.DelegatingMethodAccessorImpl.invoke(DelegatingMethodAccessorImpl.java:43)
	at java.lang.reflect.Method.invoke(Method.java:606)
	at org.apache.maven.surefire.util.ReflectionUtils.invokeMethodWithArray(ReflectionUtils.java:189)
	at org.apache.maven.surefire.booter.ProviderFactory$ProviderProxy.invoke(ProviderFactory.java:165)
	at org.apache.maven.surefire.booter.ProviderFactory.invokeProvider(ProviderFactory.java:85)
	at org.apache.maven.surefire.booter.ForkedBooter.runSuitesInProcess(ForkedBooter.java:115)
	at org.apache.maven.surefire.booter.ForkedBooter.main(ForkedBooter.java:75)
</error>
    <system-out>solve
Initialization
 9 0 0 0 2 0 7 5 0
 6 0 0 0 5 0 0 4 0
 0 2 0 4 0 0 0 1 0
 2 0 8 0 0 0 0 0 0
 0 7 0 5 0 9 0 6 0
 0 0 0 0 0 0 4 0 1
 0 1 0 0 0 5 0 8 0
 0 9 0 0 7 0 0 0 4
 0 8 2 0 4 0 0 0 6

 9 4 1 3 2 6 7 5 8
 6 3 7 1 5 8 2 4 9
 8 2 5 4 9 7 6 1 3
 2 6 8 7 1 4 3 9 5
 1 7 4 5 3 9 8 6 2
 3 5 9 6 8 2 4 7 1
 4 1 3 2 6 5 9 8 7
 5 9 6 8 7 3 1 2 4
 7 8 2 9 4 1 5 3 6

0
9
</system-out>
  </testcase>
</testsuite>